[0.105s] DEBUG:colcon:Command line arguments: ['/usr/bin/colcon', 'list', '-p', '--base-paths', '/home/adcl/IDEAS']
[0.105s] DEBUG:colcon:Parsed command line arguments: Namespace(log_base=None, log_level=None, verb_name='list', build_base='build', ignore_user_meta=False, metas=['./colcon.meta'], base_paths=['/home/adcl/IDEAS'], packages_ignore=None, packages_ignore_regex=None, paths=None, packages_up_to=None, packages_up_to_regex=None, packages_above=None, packages_above_and_dependencies=None, packages_above_depth=None, packages_select_by_dep=None, packages_skip_by_dep=None, packages_skip_up_to=None, packages_select_build_failed=False, packages_skip_build_finished=False, packages_select_test_failures=False, packages_skip_test_passed=False, packages_select=None, packages_skip=None, packages_select_regex=None, packages_skip_regex=None, packages_start=None, packages_end=None, allow_overriding=[], topological_order=False, names_only=False, paths_only=True, topological_graph=False, topological_graph_dot=False, topological_graph_density=False, topological_graph_legend=False, topological_graph_dot_cluster=False, topological_graph_dot_include_skipped=False, mixin_files=None, mixin=None, verb_parser=<colcon_mixin.mixin.mixin_argument.MixinArgumentDecorator object at 0x7bc62a899960>, verb_extension=<colcon_package_information.verb.list.ListVerb object at 0x7bc62a898ac0>, main=<bound method ListVerb.main of <colcon_package_information.verb.list.ListVerb object at 0x7bc62a898ac0>>, mixin_verb=('list',))
[0.302s] Level 1:colcon.colcon_core.package_discovery:discover_packages(colcon_meta) check parameters
[0.302s] Level 1:colcon.colcon_core.package_discovery:discover_packages(recursive) check parameters
[0.302s] Level 1:colcon.colcon_core.package_discovery:discover_packages(ignore) check parameters
[0.302s] Level 1:colcon.colcon_core.package_discovery:discover_packages(path) check parameters
[0.302s] Level 1:colcon.colcon_core.package_discovery:discover_packages(recursive) discover
[0.302s] INFO:colcon.colcon_core.package_discovery:Crawling recursively for packages in '/home/adcl/IDEAS'
[0.302s] Level 1:colcon.colcon_core.package_identification:_identify(/home/adcl/IDEAS) by extensions ['ignore', 'ignore_ament_install']
[0.303s] Level 1:colcon.colcon_core.package_identification:_identify(/home/adcl/IDEAS) by extension 'ignore'
[0.303s] Level 1:colcon.colcon_core.package_identification:_identify(/home/adcl/IDEAS) by extension 'ignore_ament_install'
[0.303s] Level 1:colcon.colcon_core.package_identification:_identify(/home/adcl/IDEAS) by extensions ['colcon_pkg']
[0.303s] Level 1:colcon.colcon_core.package_identification:_identify(/home/adcl/IDEAS) by extension 'colcon_pkg'
[0.303s] Level 1:colcon.colcon_core.package_identification:_identify(/home/adcl/IDEAS) by extensions ['colcon_meta']
[0.303s] Level 1:colcon.colcon_core.package_identification:_identify(/home/adcl/IDEAS) by extension 'colcon_meta'
[0.303s] Level 1:colcon.colcon_core.package_identification:_identify(/home/adcl/IDEAS) by extensions ['ros']
[0.303s] Level 1:colcon.colcon_core.package_identification:_identify(/home/adcl/IDEAS) by extension 'ros'
[0.315s] Level 1:colcon.colcon_core.package_identification:_identify(/home/adcl/IDEAS) by extensions ['cmake', 'python']
[0.315s] Level 1:colcon.colcon_core.package_identification:_identify(/home/adcl/IDEAS) by extension 'cmake'
[0.315s] Level 1:colcon.colcon_core.package_identification:_identify(/home/adcl/IDEAS) by extension 'python'
[0.315s] Level 1:colcon.colcon_core.package_identification:_identify(/home/adcl/IDEAS) by extensions ['python_setup_py']
[0.315s] Level 1:colcon.colcon_core.package_identification:_identify(/home/adcl/IDEAS) by extension 'python_setup_py'
[0.315s] Level 1:colcon.colcon_core.package_identification:_identify(/home/adcl/IDEAS/log) by extensions ['ignore', 'ignore_ament_install']
[0.315s] Level 1:colcon.colcon_core.package_identification:_identify(/home/adcl/IDEAS/log) by extension 'ignore'
[0.315s] Level 1:colcon.colcon_core.package_identification:_identify(/home/adcl/IDEAS/log) ignored
[0.315s] Level 1:colcon.colcon_core.package_identification:_identify(/home/adcl/IDEAS/src) by extensions ['ignore', 'ignore_ament_install']
[0.315s] Level 1:colcon.colcon_core.package_identification:_identify(/home/adcl/IDEAS/src) by extension 'ignore'
[0.315s] Level 1:colcon.colcon_core.package_identification:_identify(/home/adcl/IDEAS/src) by extension 'ignore_ament_install'
[0.316s] Level 1:colcon.colcon_core.package_identification:_identify(/home/adcl/IDEAS/src) by extensions ['colcon_pkg']
[0.316s] Level 1:colcon.colcon_core.package_identification:_identify(/home/adcl/IDEAS/src) by extension 'colcon_pkg'
[0.316s] Level 1:colcon.colcon_core.package_identification:_identify(/home/adcl/IDEAS/src) by extensions ['colcon_meta']
[0.316s] Level 1:colcon.colcon_core.package_identification:_identify(/home/adcl/IDEAS/src) by extension 'colcon_meta'
[0.316s] Level 1:colcon.colcon_core.package_identification:_identify(/home/adcl/IDEAS/src) by extensions ['ros']
[0.316s] Level 1:colcon.colcon_core.package_identification:_identify(/home/adcl/IDEAS/src) by extension 'ros'
[0.316s] Level 1:colcon.colcon_core.package_identification:_identify(/home/adcl/IDEAS/src) by extensions ['cmake', 'python']
[0.316s] Level 1:colcon.colcon_core.package_identification:_identify(/home/adcl/IDEAS/src) by extension 'cmake'
[0.316s] Level 1:colcon.colcon_core.package_identification:_identify(/home/adcl/IDEAS/src) by extension 'python'
[0.316s] Level 1:colcon.colcon_core.package_identification:_identify(/home/adcl/IDEAS/src) by extensions ['python_setup_py']
[0.316s] Level 1:colcon.colcon_core.package_identification:_identify(/home/adcl/IDEAS/src) by extension 'python_setup_py'
[0.316s] Level 1:colcon.colcon_core.package_identification:_identify(/home/adcl/IDEAS/src/plane_description) by extensions ['ignore', 'ignore_ament_install']
[0.316s] Level 1:colcon.colcon_core.package_identification:_identify(/home/adcl/IDEAS/src/plane_description) by extension 'ignore'
[0.316s] Level 1:colcon.colcon_core.package_identification:_identify(/home/adcl/IDEAS/src/plane_description) by extension 'ignore_ament_install'
[0.316s] Level 1:colcon.colcon_core.package_identification:_identify(/home/adcl/IDEAS/src/plane_description) by extensions ['colcon_pkg']
[0.316s] Level 1:colcon.colcon_core.package_identification:_identify(/home/adcl/IDEAS/src/plane_description) by extension 'colcon_pkg'
[0.316s] Level 1:colcon.colcon_core.package_identification:_identify(/home/adcl/IDEAS/src/plane_description) by extensions ['colcon_meta']
[0.316s] Level 1:colcon.colcon_core.package_identification:_identify(/home/adcl/IDEAS/src/plane_description) by extension 'colcon_meta'
[0.316s] Level 1:colcon.colcon_core.package_identification:_identify(/home/adcl/IDEAS/src/plane_description) by extensions ['ros']
[0.316s] Level 1:colcon.colcon_core.package_identification:_identify(/home/adcl/IDEAS/src/plane_description) by extension 'ros'
[0.328s] DEBUG:colcon.colcon_core.package_identification:Package '/home/adcl/IDEAS/src/plane_description' with type 'ros.ament_cmake' and name 'plane_description'
[0.329s] Level 1:colcon.colcon_core.package_identification:_identify(/home/adcl/IDEAS/src/save_information) by extensions ['ignore', 'ignore_ament_install']
[0.329s] Level 1:colcon.colcon_core.package_identification:_identify(/home/adcl/IDEAS/src/save_information) by extension 'ignore'
[0.329s] Level 1:colcon.colcon_core.package_identification:_identify(/home/adcl/IDEAS/src/save_information) by extension 'ignore_ament_install'
[0.329s] Level 1:colcon.colcon_core.package_identification:_identify(/home/adcl/IDEAS/src/save_information) by extensions ['colcon_pkg']
[0.329s] Level 1:colcon.colcon_core.package_identification:_identify(/home/adcl/IDEAS/src/save_information) by extension 'colcon_pkg'
[0.329s] Level 1:colcon.colcon_core.package_identification:_identify(/home/adcl/IDEAS/src/save_information) by extensions ['colcon_meta']
[0.329s] Level 1:colcon.colcon_core.package_identification:_identify(/home/adcl/IDEAS/src/save_information) by extension 'colcon_meta'
[0.329s] Level 1:colcon.colcon_core.package_identification:_identify(/home/adcl/IDEAS/src/save_information) by extensions ['ros']
[0.329s] Level 1:colcon.colcon_core.package_identification:_identify(/home/adcl/IDEAS/src/save_information) by extension 'ros'
[0.329s] DEBUG:colcon.colcon_core.package_identification:Package '/home/adcl/IDEAS/src/save_information' with type 'ros.ament_python' and name 'save_information'
[0.330s] Level 1:colcon.colcon_core.package_discovery:discover_packages(recursive) using defaults
